<?xml version="1.0" encoding="UTF-8"?>
<!-- Generated by org.testng.reporters.JUnitReportReporter -->
<testsuite hostname="ENTS-David" failures="0" tests="9" name="Rexretail.LandingpageTest" time="1.227" errors="0" timestamp="2022-07-13T11:02:26 WAT" skipped="0">
  <testcase classname="Rexretail.LandingpageTest" name="verifyBrandLogoPresent" time="0.090"/>
  <system-out/>
  <testcase classname="Rexretail.LandingpageTest" name="verifyPricingMenuPresent" time="0.058"/>
  <system-out/>
  <testcase classname="Rexretail.LandingpageTest" name="verifyPricingMenuClickable" time="0.308"/>
  <system-out/>
  <testcase classname="Rexretail.LandingpageTest" name="verifyFAQMenuPresent" time="0.049"/>
  <system-out/>
  <testcase classname="Rexretail.LandingpageTest" name="verifyFAQMenuClickable" time="0.327"/>
  <system-out/>
  <testcase classname="Rexretail.LandingpageTest" name="verifyReturnToLandingPageFromFAQPage" time="0.124"/>
  <system-out/>
  <testcase classname="Rexretail.LandingpageTest" name="verifySignUpButtonPresent" time="0.027"/>
  <system-out/>
  <testcase classname="Rexretail.LandingpageTest" name="verifySignUpButtonClickable" time="0.225"/>
  <system-out/>
  <testcase classname="Rexretail.LandingpageTest" name="verifyReturnToLandingpageFromSignupPage" time="0.019"/>
  <system-out/>
</testsuite> <!-- Rexretail.LandingpageTest -->
